Using pre-set license
Built from '2021.3/staging' branch; Version is '2021.3.1f1 (3b70a0754835) revision 3895456'; Using compiler version '192829333'; Build Type 'Release'
OS: 'Windows 11  (10.0.22621) 64bit Core' Language: 'en' Physical Memory: 16310 MB
BatchMode: 1, IsHumanControllingUs: 0, StartBugReporterOnCrash: 0, Is64bit: 1, IsPro: 1

COMMAND LINE ARGUMENTS:
C:\Program Files\Unity\Hub\Editor\2021.3.1f1\Editor\Unity.exe
-adb2
-batchMode
-noUpm
-name
AssetImportWorker6
-projectPath
C:/Users/eduar/OneDrive/Desktop/Unity Projects/Untitled-Card-Game
-logFile
Logs/AssetImportWorker6.log
-srvPort
53007
Successfully changed project path to: C:/Users/eduar/OneDrive/Desktop/Unity Projects/Untitled-Card-Game
C:/Users/eduar/OneDrive/Desktop/Unity Projects/Untitled-Card-Game
[UnityMemory] Configuration Parameters - Can be set up in boot.config
    "memorysetup-bucket-allocator-granularity=16"
    "memorysetup-bucket-allocator-bucket-count=8"
    "memorysetup-bucket-allocator-block-size=33554432"
    "memorysetup-bucket-allocator-block-count=8"
    "memorysetup-main-allocator-block-size=16777216"
    "memorysetup-thread-allocator-block-size=16777216"
    "memorysetup-gfx-main-allocator-block-size=16777216"
    "memorysetup-gfx-thread-allocator-block-size=16777216"
    "memorysetup-cache-allocator-block-size=4194304"
    "memorysetup-typetree-allocator-block-size=2097152"
    "memorysetup-profiler-bucket-allocator-granularity=16"
    "memorysetup-profiler-bucket-allocator-bucket-count=8"
    "memorysetup-profiler-bucket-allocator-block-size=33554432"
    "memorysetup-profiler-bucket-allocator-block-count=8"
    "memorysetup-profiler-allocator-block-size=16777216"
    "memorysetup-profiler-editor-allocator-block-size=1048576"
    "memorysetup-temp-allocator-size-main=16777216"
    "memorysetup-job-temp-allocator-block-size=2097152"
    "memorysetup-job-temp-allocator-block-size-background=1048576"
    "memorysetup-job-temp-allocator-reduction-small-platforms=262144"
    "memorysetup-temp-allocator-size-background-worker=32768"
    "memorysetup-temp-allocator-size-job-worker=262144"
    "memorysetup-temp-allocator-size-preload-manager=33554432"
    "memorysetup-temp-allocator-size-nav-mesh-worker=65536"
    "memorysetup-temp-allocator-size-audio-worker=65536"
    "memorysetup-temp-allocator-size-cloud-worker=32768"
    "memorysetup-temp-allocator-size-gi-baking-worker=262144"
    "memorysetup-temp-allocator-size-gfx=262144"
Refreshing native plugins compatible for Editor in 113.68 ms, found 3 plugins.
Preloading 0 native plugins for Editor in 0.00 ms.
Initialize engine version: 2021.3.1f1 (3b70a0754835)
[Subsystems] Discovering subsystems at path C:/Program Files/Unity/Hub/Editor/2021.3.1f1/Editor/Data/Resources/UnitySubsystems
[Subsystems] Discovering subsystems at path C:/Users/eduar/OneDrive/Desktop/Unity Projects/Untitled-Card-Game/Assets
GfxDevice: creating device client; threaded=0; jobified=0
Direct3D:
    Version:  Direct3D 11.0 [level 11.1]
    Renderer: NVIDIA GeForce GTX 1060 6GB (ID=0x1c03)
    Vendor:   NVIDIA
    VRAM:     6052 MB
    Driver:   31.0.15.1694
Initialize mono
Mono path[0] = 'C:/Program Files/Unity/Hub/Editor/2021.3.1f1/Editor/Data/Managed'
Mono path[1] = 'C:/Program Files/Unity/Hub/Editor/2021.3.1f1/Editor/Data/MonoBleedingEdge/lib/mono/unityjit-win32'
Mono config path = 'C:/Program Files/Unity/Hub/Editor/2021.3.1f1/Editor/Data/MonoBleedingEdge/etc'
Using monoOptions --debugger-agent=transport=dt_socket,embedding=1,server=y,suspend=n,address=127.0.0.1:56604
Begin MonoManager ReloadAssembly
Registering precompiled unity dll's ...
Register platform support module: C:/Program Files/Unity/Hub/Editor/2021.3.1f1/Editor/Data/PlaybackEngines/MacStandaloneSupport/UnityEditor.OSXStandalone.Extensions.dll
Register platform support module: C:/Program Files/Unity/Hub/Editor/2021.3.1f1/Editor/Data/PlaybackEngines/WindowsStandaloneSupport/UnityEditor.WindowsStandalone.Extensions.dll
Registered in 0.006225 seconds.
Native extension for WindowsStandalone target not found
Native extension for OSXStandalone target not found
Refreshing native plugins compatible for Editor in 80.91 ms, found 3 plugins.
Preloading 0 native plugins for Editor in 0.00 ms.
Mono: successfully reloaded assembly
- Completed reload, in  0.678 seconds
Domain Reload Profiling:
	ReloadAssembly (679ms)
		BeginReloadAssembly (78ms)
			ExecutionOrderSort (0ms)
			DisableScriptedObjects (0ms)
			BackupInstance (0ms)
			ReleaseScriptingObjects (0ms)
			CreateAndSetChildDomain (1ms)
		EndReloadAssembly (490ms)
			LoadAssemblies (76ms)
			RebuildTransferFunctionScriptingTraits (0ms)
			SetupTypeCache (121ms)
			ReleaseScriptCaches (0ms)
			RebuildScriptCaches (27ms)
			SetupLoadedEditorAssemblies (289ms)
				LogAssemblyErrors (0ms)
				InitializePlatformSupportModulesInManaged (9ms)
				SetLoadedEditorAssemblies (0ms)
				RefreshPlugins (81ms)
				BeforeProcessingInitializeOnLoad (1ms)
				ProcessInitializeOnLoadAttributes (137ms)
				ProcessInitializeOnLoadMethodAttributes (60ms)
				AfterProcessingInitializeOnLoad (0ms)
				EditorAssembliesLoaded (0ms)
			ExecutionOrderSort2 (0ms)
			AwakeInstancesAfterBackupRestoration (0ms)
Platform modules already initialized, skipping
Registering precompiled user dll's ...
Registered in 0.006280 seconds.
Begin MonoManager ReloadAssembly
Symbol file LoadedFromMemory doesn't match image C:\Users\eduar\OneDrive\Desktop\Unity Projects\Untitled-Card-Game\Library\PackageCache\com.unity.visualscripting@1.7.6\Editor\VisualScripting.Core\Dependencies\YamlDotNet\Unity.VisualScripting.YamlDotNet.dll
Symbol file LoadedFromMemory is not a mono symbol file
Symbol file LoadedFromMemory doesn't match image C:\Users\eduar\OneDrive\Desktop\Unity Projects\Untitled-Card-Game\Library\PackageCache\com.unity.visualscripting@1.7.6\Editor\VisualScripting.Core\Dependencies\DotNetZip\Unity.VisualScripting.IonicZip.dll
Native extension for WindowsStandalone target not found
Native extension for OSXStandalone target not found
Refreshing native plugins compatible for Editor in 0.61 ms, found 3 plugins.
Preloading 0 native plugins for Editor in 0.00 ms.
Mono: successfully reloaded assembly
- Completed reload, in  1.011 seconds
Domain Reload Profiling:
	ReloadAssembly (1012ms)
		BeginReloadAssembly (103ms)
			ExecutionOrderSort (0ms)
			DisableScriptedObjects (7ms)
			BackupInstance (0ms)
			ReleaseScriptingObjects (0ms)
			CreateAndSetChildDomain (18ms)
		EndReloadAssembly (793ms)
			LoadAssemblies (92ms)
			RebuildTransferFunctionScriptingTraits (0ms)
			SetupTypeCache (245ms)
			ReleaseScriptCaches (1ms)
			RebuildScriptCaches (53ms)
			SetupLoadedEditorAssemblies (362ms)
				LogAssemblyErrors (0ms)
				InitializePlatformSupportModulesInManaged (7ms)
				SetLoadedEditorAssemblies (1ms)
				RefreshPlugins (1ms)
				BeforeProcessingInitializeOnLoad (84ms)
				ProcessInitializeOnLoadAttributes (234ms)
				ProcessInitializeOnLoadMethodAttributes (29ms)
				AfterProcessingInitializeOnLoad (7ms)
				EditorAssembliesLoaded (0ms)
			ExecutionOrderSort2 (0ms)
			AwakeInstancesAfterBackupRestoration (6ms)
Platform modules already initialized, skipping
========================================================================
Worker process is ready to serve import requests
Launched and connected shader compiler UnityShaderCompiler.exe after 0.05 seconds
Refreshing native plugins compatible for Editor in 0.64 ms, found 3 plugins.
Preloading 0 native plugins for Editor in 0.00 ms.
Unloading 3752 Unused Serialized files (Serialized files now loaded: 0)
Unloading 28 unused Assets / (165.2 KB). Loaded Objects now: 4223.
Memory consumption went from 137.9 MB to 137.8 MB.
Total: 3.428000 ms (FindLiveObjects: 0.323000 ms CreateObjectMapping: 0.287200 ms MarkObjects: 2.601900 ms  DeleteObjects: 0.214400 ms)

AssetImportParameters requested are different than current active one (requested -> active):
  custom:video-decoder-ogg-theora: a1e56fd34408186e4bbccfd4996cb3dc -> 
  custom:container-muxer-webm: aa71ff27fc2769a1b78a27578f13a17b -> 
  custom:container-demuxer-webm: 4f35f7cbe854078d1ac9338744f61a02 -> 
  custom:video-encoder-webm-vp8: eb34c28f22e8b96e1ab97ce403110664 -> 
  custom:audio-encoder-webm-vorbis: bf7c407c2cedff20999df2af8eb42d56 -> 
  custom:framework-win-MediaFoundation: 216162199b28c13a410421893ffa2e32 -> 
  custom:container-demuxer-ogg: 62fdf1f143b41e24485cea50d1cbac27 -> 
  custom:video-decoder-webm-vp8: 9c59270c3fd7afecdb556c50c9e8de78 -> 
  custom:audio-decoder-ogg-vorbis: bf7c407c2cedff20999df2af8eb42d56 -> 
========================================================================
Received Import Request.
  Time since last request: 3067570.677559 seconds.
  path: Packages/com.unity.collab-proxy/Editor/PlasticSCM/Assets/Images/loading@2x.png
  artifactKey: Guid(5dbc069eb79bd4d43840847264d6d956) Importer(815301076,1909f56bfc062723c751e8b465ee728b)
Start importing Packages/com.unity.collab-proxy/Editor/PlasticSCM/Assets/Images/loading@2x.png using Guid(5dbc069eb79bd4d43840847264d6d956) Importer(815301076,1909f56bfc062723c751e8b465ee728b)  -> (artifact id: '4cac8c6e69f22986abb2f5d976eeb74d') in 0.166845 seconds 
========================================================================
Received Import Request.
  Time since last request: 0.000042 seconds.
  path: Packages/com.unity.collab-proxy/Editor/PlasticSCM/Assets/Images/ignoredoverlay.png
  artifactKey: Guid(767ce9b1aa9de8747a4c2ffc8b3dd7ad) Importer(815301076,1909f56bfc062723c751e8b465ee728b)
Start importing Packages/com.unity.collab-proxy/Editor/PlasticSCM/Assets/Images/ignoredoverlay.png using Guid(767ce9b1aa9de8747a4c2ffc8b3dd7ad) Importer(815301076,1909f56bfc062723c751e8b465ee728b)  -> (artifact id: 'c8df044be6b5759b44a4f1b024feeee9') in 0.026594 seconds 
========================================================================
Received Import Request.
  Time since last request: 0.000040 seconds.
  path: Packages/com.unity.collab-proxy/Editor/PlasticSCM/Assets/Images/ok.png
  artifactKey: Guid(3238dca1e9ea9fb4aa64b28298ba6dbd) Importer(815301076,1909f56bfc062723c751e8b465ee728b)
Start importing Packages/com.unity.collab-proxy/Editor/PlasticSCM/Assets/Images/ok.png using Guid(3238dca1e9ea9fb4aa64b28298ba6dbd) Importer(815301076,1909f56bfc062723c751e8b465ee728b)  -> (artifact id: '0847a3003555e7282cbd87c828961c97') in 0.024589 seconds 
========================================================================
Received Import Request.
  Time since last request: 0.000033 seconds.
  path: Assets/Sprites/Game Icons/PNG/Pixelated (64px)/pawn.png
  artifactKey: Guid(760f6f4d615b1e04da37d829ee67fd34) Importer(815301076,1909f56bfc062723c751e8b465ee728b)
Start importing Assets/Sprites/Game Icons/PNG/Pixelated (64px)/pawn.png using Guid(760f6f4d615b1e04da37d829ee67fd34) Importer(815301076,1909f56bfc062723c751e8b465ee728b)  -> (artifact id: '7bb88ff83de50d304e761701fbc8341c') in 0.024378 seconds 
========================================================================
Received Import Request.
  Time since last request: 0.000029 seconds.
  path: Assets/Sprites/Game Icons/PNG/Pixelated (64px)/hourglass_bottom.png
  artifactKey: Guid(550aa6d37726eff4a9877521d7fceaed) Importer(815301076,1909f56bfc062723c751e8b465ee728b)
Start importing Assets/Sprites/Game Icons/PNG/Pixelated (64px)/hourglass_bottom.png using Guid(550aa6d37726eff4a9877521d7fceaed) Importer(815301076,1909f56bfc062723c751e8b465ee728b)  -> (artifact id: '14ff226f3ecbea5ace0baf984182efe0') in 0.023228 seconds 
========================================================================
Received Import Request.
  Time since last request: 0.000031 seconds.
  path: Packages/com.unity.2d.tilemap/Editor/Icons/d_Grid.FlipX@2x.png
  artifactKey: Guid(1f26945e970839e41ba35badd04237ef) Importer(815301076,1909f56bfc062723c751e8b465ee728b)
Start importing Packages/com.unity.2d.tilemap/Editor/Icons/d_Grid.FlipX@2x.png using Guid(1f26945e970839e41ba35badd04237ef) Importer(815301076,1909f56bfc062723c751e8b465ee728b)  -> (artifact id: '9ee346f0e1d82fe3c8ee1ec198116d0f') in 0.023134 seconds 
========================================================================
Received Import Request.
  Time since last request: 0.000022 seconds.
  path: Packages/com.unity.collab-proxy/Editor/PlasticSCM/Assets/Images/d_genericbuho2.png
  artifactKey: Guid(0f061b4bd0275bc4eb60f2af31e7375a) Importer(815301076,1909f56bfc062723c751e8b465ee728b)
Start importing Packages/com.unity.collab-proxy/Editor/PlasticSCM/Assets/Images/d_genericbuho2.png using Guid(0f061b4bd0275bc4eb60f2af31e7375a) Importer(815301076,1909f56bfc062723c751e8b465ee728b)  -> (artifact id: '20721d5b2790798dede6aaa41b227d12') in 0.035694 seconds 
========================================================================
Received Import Request.
  Time since last request: 0.000024 seconds.
  path: Assets/OutlineEffect/Samples/Demo/Content/logo.png
  artifactKey: Guid(623b31f522f7b9f4882b10313a54de7e) Importer(815301076,1909f56bfc062723c751e8b465ee728b)
Start importing Assets/OutlineEffect/Samples/Demo/Content/logo.png using Guid(623b31f522f7b9f4882b10313a54de7e) Importer(815301076,1909f56bfc062723c751e8b465ee728b)  -> (artifact id: 'a1dbbade371cc10ee8a38d2f1046c212') in 0.044115 seconds 
========================================================================
Received Import Request.
  Time since last request: 0.000022 seconds.
  path: Packages/com.unity.collab-proxy/Editor/PlasticSCM/Assets/Images/d_expertbuho.png
  artifactKey: Guid(13e7e6fe43a8aa049bcd610bbc1f5ff8) Importer(815301076,1909f56bfc062723c751e8b465ee728b)
Start importing Packages/com.unity.collab-proxy/Editor/PlasticSCM/Assets/Images/d_expertbuho.png using Guid(13e7e6fe43a8aa049bcd610bbc1f5ff8) Importer(815301076,1909f56bfc062723c751e8b465ee728b)  -> (artifact id: 'ceb47762651d69171c193c98a776fe10') in 0.028285 seconds 
========================================================================
Received Import Request.
  Time since last request: 0.000026 seconds.
  path: Packages/com.unity.2d.tilemap/Editor/Icons/d_Grid.RotateACW.png
  artifactKey: Guid(53da314bfe3845741ad14976e09ee6cf) Importer(815301076,1909f56bfc062723c751e8b465ee728b)
Start importing Packages/com.unity.2d.tilemap/Editor/Icons/d_Grid.RotateACW.png using Guid(53da314bfe3845741ad14976e09ee6cf) Importer(815301076,1909f56bfc062723c751e8b465ee728b)  -> (artifact id: '6e64f44a35b033c3a48e412cfb107afa') in 0.024990 seconds 
========================================================================
Received Import Request.
  Time since last request: 0.000024 seconds.
  path: Assets/Sprites/Game Icons/PNG/Pixelated (64px)/hexagon_tile.png
  artifactKey: Guid(7e4f725826049b641bf576ec6a54661f) Importer(815301076,1909f56bfc062723c751e8b465ee728b)
Start importing Assets/Sprites/Game Icons/PNG/Pixelated (64px)/hexagon_tile.png using Guid(7e4f725826049b641bf576ec6a54661f) Importer(815301076,1909f56bfc062723c751e8b465ee728b)  -> (artifact id: 'ffbacab67fb3841a1d13a37984d393e5') in 0.020224 seconds 
========================================================================
Received Import Request.
  Time since last request: 0.000025 seconds.
  path: Packages/com.unity.collab-proxy/Editor/PlasticSCM/Assets/Images/iconaddedlocal@2x.png
  artifactKey: Guid(a67b58d6cddcd4345b1e001340de5a76) Importer(815301076,1909f56bfc062723c751e8b465ee728b)
Start importing Packages/com.unity.collab-proxy/Editor/PlasticSCM/Assets/Images/iconaddedlocal@2x.png using Guid(a67b58d6cddcd4345b1e001340de5a76) Importer(815301076,1909f56bfc062723c751e8b465ee728b)  -> (artifact id: 'd82969b638eb48537b1a95dc08e74f2b') in 0.023336 seconds 
========================================================================
Received Import Request.
  Time since last request: 0.000019 seconds.
  path: Packages/com.unity.2d.sprite/Editor/ObjectMenuCreation/DefaultAssets/Textures/HexagonFlat-TopWithBorder.png
  artifactKey: Guid(a9716c16a44a94eed9b5c90fbf4d9bdd) Importer(815301076,1909f56bfc062723c751e8b465ee728b)
Start importing Packages/com.unity.2d.sprite/Editor/ObjectMenuCreation/DefaultAssets/Textures/HexagonFlat-TopWithBorder.png using Guid(a9716c16a44a94eed9b5c90fbf4d9bdd) Importer(815301076,1909f56bfc062723c751e8b465ee728b)  -> (artifact id: 'e7d9dc59828cec00f3bf78e2cd8dccb8') in 0.027373 seconds 
========================================================================
Received Import Request.
  Time since last request: 0.000020 seconds.
  path: Assets/Sprites/Game Icons/PNG/Pixelated (64px)/hexagon_in.png
  artifactKey: Guid(ca8bb5681439ffd488b285cdf832a322) Importer(815301076,1909f56bfc062723c751e8b465ee728b)
Start importing Assets/Sprites/Game Icons/PNG/Pixelated (64px)/hexagon_in.png using Guid(ca8bb5681439ffd488b285cdf832a322) Importer(815301076,1909f56bfc062723c751e8b465ee728b)  -> (artifact id: 'b042c5312ff096db0fa769fa00df0af1') in 0.021418 seconds 
========================================================================
Received Import Request.
  Time since last request: 0.000025 seconds.
  path: Packages/com.unity.collab-proxy/Editor/PlasticSCM/Assets/Images/iconplasticviewnotify.png
  artifactKey: Guid(fcbb76d583fe7ee4e80e7e47c0593c4a) Importer(815301076,1909f56bfc062723c751e8b465ee728b)
Start importing Packages/com.unity.collab-proxy/Editor/PlasticSCM/Assets/Images/iconplasticviewnotify.png using Guid(fcbb76d583fe7ee4e80e7e47c0593c4a) Importer(815301076,1909f56bfc062723c751e8b465ee728b)  -> (artifact id: '042ac94783aae3bb912a3386a8ea7efa') in 0.022266 seconds 
========================================================================
Received Import Request.
  Time since last request: 0.000019 seconds.
  path: Packages/com.unity.collab-proxy/Editor/PlasticSCM/Assets/Images/ignored.png
  artifactKey: Guid(595bc97bc8e1e0b46bd4c2148ba3723a) Importer(815301076,1909f56bfc062723c751e8b465ee728b)
Start importing Packages/com.unity.collab-proxy/Editor/PlasticSCM/Assets/Images/ignored.png using Guid(595bc97bc8e1e0b46bd4c2148ba3723a) Importer(815301076,1909f56bfc062723c751e8b465ee728b)  -> (artifact id: 'cf22683fa71243c3fa369b4ee132772b') in 0.026878 seconds 
========================================================================
Received Import Request.
  Time since last request: 0.000031 seconds.
  path: Assets/Sprites/Game Icons/PNG/Pixelated (64px)/notepad.png
  artifactKey: Guid(693d11cc359db624ab153cb406250927) Importer(815301076,1909f56bfc062723c751e8b465ee728b)
Start importing Assets/Sprites/Game Icons/PNG/Pixelated (64px)/notepad.png using Guid(693d11cc359db624ab153cb406250927) Importer(815301076,1909f56bfc062723c751e8b465ee728b)  -> (artifact id: 'ddd901cfa4a4fefb2d5f209e56170169') in 0.020324 seconds 
========================================================================
Received Import Request.
  Time since last request: 0.000029 seconds.
  path: Assets/Sprites/Game Icons/PNG/Pixelated (64px)/hourglass.png
  artifactKey: Guid(3e770103e9f290f468cb2d277f6171ba) Importer(815301076,1909f56bfc062723c751e8b465ee728b)
Start importing Assets/Sprites/Game Icons/PNG/Pixelated (64px)/hourglass.png using Guid(3e770103e9f290f468cb2d277f6171ba) Importer(815301076,1909f56bfc062723c751e8b465ee728b)  -> (artifact id: '203d215bde67b3544b99457d34e373a1') in 0.021999 seconds 
========================================================================
Received Import Request.
  Time since last request: 0.000030 seconds.
  path: Packages/com.unity.2d.sprite/Editor/ObjectMenuCreation/DefaultAssets/Textures/IsometricDiamond.png
  artifactKey: Guid(045b15ec09bba42448d89db77fa6f20a) Importer(815301076,1909f56bfc062723c751e8b465ee728b)
Start importing Packages/com.unity.2d.sprite/Editor/ObjectMenuCreation/DefaultAssets/Textures/IsometricDiamond.png using Guid(045b15ec09bba42448d89db77fa6f20a) Importer(815301076,1909f56bfc062723c751e8b465ee728b)  -> (artifact id: 'ce902c1c65624318d3dfcf12a16e9647') in 0.026576 seconds 
========================================================================
Received Import Request.
  Time since last request: 0.000029 seconds.
  path: Packages/com.unity.collab-proxy/Editor/PlasticSCM/Assets/Images/ignoredoverlay@2x.png
  artifactKey: Guid(999d04c0ea94ccc41b3d80788160695b) Importer(815301076,1909f56bfc062723c751e8b465ee728b)
Start importing Packages/com.unity.collab-proxy/Editor/PlasticSCM/Assets/Images/ignoredoverlay@2x.png using Guid(999d04c0ea94ccc41b3d80788160695b) Importer(815301076,1909f56bfc062723c751e8b465ee728b)  -> (artifact id: '0fe5c02a48c0e65897b520406d5ada81') in 0.020228 seconds 
========================================================================
Received Import Request.
  Time since last request: 0.424499 seconds.
  path: Packages/com.unity.2d.sprite/Editor/ObjectMenuCreation/DefaultAssets/Textures/Capsule.png
  artifactKey: Guid(bd3cb4af8406d4436a2ae8c2aafe1f8d) Importer(815301076,1909f56bfc062723c751e8b465ee728b)
Start importing Packages/com.unity.2d.sprite/Editor/ObjectMenuCreation/DefaultAssets/Textures/Capsule.png using Guid(bd3cb4af8406d4436a2ae8c2aafe1f8d) Importer(815301076,1909f56bfc062723c751e8b465ee728b)  -> (artifact id: '9e6f7f1f3b9a595057137abaf2752961') in 0.030627 seconds 
========================================================================
Received Import Request.
  Time since last request: 59.918763 seconds.
  path: Assets/Sprites/Game Icons/PNG/Pixelated (64px)/hexagon_outline.png
  artifactKey: Guid(df4cb942388c1644da41a64ad3f49660) Importer(815301076,1909f56bfc062723c751e8b465ee728b)
Start importing Assets/Sprites/Game Icons/PNG/Pixelated (64px)/hexagon_outline.png using Guid(df4cb942388c1644da41a64ad3f49660) Importer(815301076,1909f56bfc062723c751e8b465ee728b)  -> (artifact id: '6e72fbe9be80874e2dc88de16aa89041') in 0.022282 seconds 
========================================================================
Received Import Request.
  Time since last request: 0.000029 seconds.
  path: Assets/Sprites/Game Icons/PNG/Pixelated (64px)/pawn_reverse.png
  artifactKey: Guid(57e4dbfdb8836ca41b2112e7a6044972) Importer(815301076,1909f56bfc062723c751e8b465ee728b)
Start importing Assets/Sprites/Game Icons/PNG/Pixelated (64px)/pawn_reverse.png using Guid(57e4dbfdb8836ca41b2112e7a6044972) Importer(815301076,1909f56bfc062723c751e8b465ee728b)  -> (artifact id: '444f852ef21c10057324506ec7da7880') in 0.022093 seconds 
========================================================================
Received Import Request.
  Time since last request: 0.000020 seconds.
  path: Assets/Sprites/Game Icons/PNG/Pixelated (64px)/pawn_down.png
  artifactKey: Guid(f41aae3cea19e7e4da665a429b30dc1c) Importer(815301076,1909f56bfc062723c751e8b465ee728b)
Start importing Assets/Sprites/Game Icons/PNG/Pixelated (64px)/pawn_down.png using Guid(f41aae3cea19e7e4da665a429b30dc1c) Importer(815301076,1909f56bfc062723c751e8b465ee728b)  -> (artifact id: '812ad3c9469b52563aa58514622600b4') in 0.020033 seconds 
========================================================================
Received Import Request.
  Time since last request: 0.000062 seconds.
  path: Assets/Sprites/Game Icons/PNG/Pixelated (64px)/pawn_table.png
  artifactKey: Guid(2c1c1831ecbb0e74d90cc6e4d7629d75) Importer(815301076,1909f56bfc062723c751e8b465ee728b)
Start importing Assets/Sprites/Game Icons/PNG/Pixelated (64px)/pawn_table.png using Guid(2c1c1831ecbb0e74d90cc6e4d7629d75) Importer(815301076,1909f56bfc062723c751e8b465ee728b)  -> (artifact id: 'e97f139d61d4d9d99ed7cad9e6ec2d98') in 0.022999 seconds 
========================================================================
Received Import Request.
  Time since last request: 0.000037 seconds.
  path: Assets/Sprites/Game Icons/PNG/Pixelated (64px)/pawn_left.png
  artifactKey: Guid(e33389424efbb7c44887236df3a411b4) Importer(815301076,1909f56bfc062723c751e8b465ee728b)
Start importing Assets/Sprites/Game Icons/PNG/Pixelated (64px)/pawn_left.png using Guid(e33389424efbb7c44887236df3a411b4) Importer(815301076,1909f56bfc062723c751e8b465ee728b)  -> (artifact id: 'c2a36ed83a0827ac8336ffcbe734e212') in 0.018846 seconds 
========================================================================
Received Import Request.
  Time since last request: 0.228560 seconds.
  path: Assets/Sprites/Game Icons/PNG/Pixelated (64px)/structure_wall.png
  artifactKey: Guid(e26d7e6d3ce5baf47b5478e3b1ca89f9) Importer(815301076,1909f56bfc062723c751e8b465ee728b)
Start importing Assets/Sprites/Game Icons/PNG/Pixelated (64px)/structure_wall.png using Guid(e26d7e6d3ce5baf47b5478e3b1ca89f9) Importer(815301076,1909f56bfc062723c751e8b465ee728b)  -> (artifact id: '3a29cc20cb8de6aa5d81f9ef358c6d66') in 0.025201 seconds 
========================================================================
Received Import Request.
  Time since last request: 0.000022 seconds.
  path: Assets/Sprites/Game Icons/PNG/Pixelated (64px)/tag_d6_1.png
  artifactKey: Guid(5f6bbf091f34e484f917c7ecbb3689f1) Importer(815301076,1909f56bfc062723c751e8b465ee728b)
Start importing Assets/Sprites/Game Icons/PNG/Pixelated (64px)/tag_d6_1.png using Guid(5f6bbf091f34e484f917c7ecbb3689f1) Importer(815301076,1909f56bfc062723c751e8b465ee728b)  -> (artifact id: 'cec3a3a8364ed55d379a975cbd2f9bd5') in 0.020272 seconds 
========================================================================
Received Import Request.
  Time since last request: 0.000029 seconds.
  path: Assets/Sprites/Game Icons/PNG/Pixelated (64px)/tag_d6_2.png
  artifactKey: Guid(2159f7345dc8f104c9cbf605765bf53c) Importer(815301076,1909f56bfc062723c751e8b465ee728b)
Start importing Assets/Sprites/Game Icons/PNG/Pixelated (64px)/tag_d6_2.png using Guid(2159f7345dc8f104c9cbf605765bf53c) Importer(815301076,1909f56bfc062723c751e8b465ee728b)  -> (artifact id: '0affc6ab7dcfd30fd9ebeed938bbfd50') in 0.020248 seconds 
========================================================================
Received Import Request.
  Time since last request: 0.000028 seconds.
  path: Assets/Sprites/Game Icons/PNG/Pixelated (64px)/tag_shield_6.png
  artifactKey: Guid(b35f5629381401346b2501556b86d091) Importer(815301076,1909f56bfc062723c751e8b465ee728b)
Start importing Assets/Sprites/Game Icons/PNG/Pixelated (64px)/tag_shield_6.png using Guid(b35f5629381401346b2501556b86d091) Importer(815301076,1909f56bfc062723c751e8b465ee728b)  -> (artifact id: '9c5cc2e74e692fb7e83159c632ed21bd') in 0.022144 seconds 
========================================================================
Received Import Request.
  Time since last request: 0.000030 seconds.
  path: Assets/Sprites/Game Icons/PNG/Pixelated (64px)/tag_d6_infinte.png
  artifactKey: Guid(dc008b7e365a5414bba4b7d0366a2c3f) Importer(815301076,1909f56bfc062723c751e8b465ee728b)
Start importing Assets/Sprites/Game Icons/PNG/Pixelated (64px)/tag_d6_infinte.png using Guid(dc008b7e365a5414bba4b7d0366a2c3f) Importer(815301076,1909f56bfc062723c751e8b465ee728b)  -> (artifact id: 'eead54410a05e64a4129e098d36aec61') in 0.020685 seconds 
========================================================================
Received Import Request.
  Time since last request: 0.000024 seconds.
  path: Assets/Sprites/Game Icons/PNG/Pixelated (64px)/tag_8.png
  artifactKey: Guid(731e1500833d37a4bb8d0c1c399cbd87) Importer(815301076,1909f56bfc062723c751e8b465ee728b)
Start importing Assets/Sprites/Game Icons/PNG/Pixelated (64px)/tag_8.png using Guid(731e1500833d37a4bb8d0c1c399cbd87) Importer(815301076,1909f56bfc062723c751e8b465ee728b)  -> (artifact id: 'dc410b3bc9a7ce18377e2396eff1fcba') in 0.020347 seconds 
========================================================================
Received Import Request.
  Time since last request: 0.000038 seconds.
  path: Assets/Sprites/Game Icons/PNG/Pixelated (64px)/tag_shield_4.png
  artifactKey: Guid(f2fc15366af232643a38a06eb296b07b) Importer(815301076,1909f56bfc062723c751e8b465ee728b)
Start importing Assets/Sprites/Game Icons/PNG/Pixelated (64px)/tag_shield_4.png using Guid(f2fc15366af232643a38a06eb296b07b) Importer(815301076,1909f56bfc062723c751e8b465ee728b)  -> (artifact id: 'b6bf1aa0e1c877677f8aa58fd75d0a48') in 0.023306 seconds 
========================================================================
Received Import Request.
  Time since last request: 0.000040 seconds.
  path: Assets/Sprites/Game Icons/PNG/Pixelated (64px)/tag_shield_9.png
  artifactKey: Guid(8a31e46bc3f5cb247a30d6a04d0520a6) Importer(815301076,1909f56bfc062723c751e8b465ee728b)
Start importing Assets/Sprites/Game Icons/PNG/Pixelated (64px)/tag_shield_9.png using Guid(8a31e46bc3f5cb247a30d6a04d0520a6) Importer(815301076,1909f56bfc062723c751e8b465ee728b)  -> (artifact id: 'eae4058ea72528c0a82213fe3d28f2de') in 0.020399 seconds 
========================================================================
Received Import Request.
  Time since last request: 0.000027 seconds.
  path: Assets/Sprites/Game Icons/PNG/Pixelated (64px)/tag_d6_6.png
  artifactKey: Guid(3e13be697a5c62345ba6cfb600113901) Importer(815301076,1909f56bfc062723c751e8b465ee728b)
Start importing Assets/Sprites/Game Icons/PNG/Pixelated (64px)/tag_d6_6.png using Guid(3e13be697a5c62345ba6cfb600113901) Importer(815301076,1909f56bfc062723c751e8b465ee728b)  -> (artifact id: 'cf96d8d09c45ffe7802f067e59a96cc5') in 0.023421 seconds 
========================================================================
Received Import Request.
  Time since last request: 0.000021 seconds.
  path: Assets/Sprites/Game Icons/PNG/Pixelated (64px)/tag_shield_3.png
  artifactKey: Guid(d486d3a3c26a3b443bb749c0bd3b9636) Importer(815301076,1909f56bfc062723c751e8b465ee728b)
Start importing Assets/Sprites/Game Icons/PNG/Pixelated (64px)/tag_shield_3.png using Guid(d486d3a3c26a3b443bb749c0bd3b9636) Importer(815301076,1909f56bfc062723c751e8b465ee728b)  -> (artifact id: '6a2a04f684173f3cc7a7e96a121f9aa1') in 0.020351 seconds 
========================================================================
Received Import Request.
  Time since last request: 0.000032 seconds.
  path: Assets/Sprites/Game Icons/PNG/Pixelated (64px)/tag_d6_3.png
  artifactKey: Guid(b33b3e67c6602324990709bf6d35f574) Importer(815301076,1909f56bfc062723c751e8b465ee728b)
Start importing Assets/Sprites/Game Icons/PNG/Pixelated (64px)/tag_d6_3.png using Guid(b33b3e67c6602324990709bf6d35f574) Importer(815301076,1909f56bfc062723c751e8b465ee728b)  -> (artifact id: '6ad0115901bdc7876fbf035161bc929a') in 0.022743 seconds 
========================================================================
Received Import Request.
  Time since last request: 0.000048 seconds.
  path: Assets/Sprites/Game Icons/PNG/Pixelated (64px)/tag_9.png
  artifactKey: Guid(e9329a99f8c2ecf4c931cf1bd383cf81) Importer(815301076,1909f56bfc062723c751e8b465ee728b)
Start importing Assets/Sprites/Game Icons/PNG/Pixelated (64px)/tag_9.png using Guid(e9329a99f8c2ecf4c931cf1bd383cf81) Importer(815301076,1909f56bfc062723c751e8b465ee728b)  -> (artifact id: 'f6633d7f1a2ac779e38077bba85a0b90') in 0.025736 seconds 
========================================================================
Received Import Request.
  Time since last request: 0.000033 seconds.
  path: Assets/Sprites/Game Icons/PNG/Pixelated (64px)/tag_shield_5.png
  artifactKey: Guid(bf44067723da5124da4ed7dd4ecf9ddc) Importer(815301076,1909f56bfc062723c751e8b465ee728b)
Start importing Assets/Sprites/Game Icons/PNG/Pixelated (64px)/tag_shield_5.png using Guid(bf44067723da5124da4ed7dd4ecf9ddc) Importer(815301076,1909f56bfc062723c751e8b465ee728b)  -> (artifact id: '70cd0186894dd63f393b87d1ad1b5b75') in 0.021500 seconds 
========================================================================
Received Import Request.
  Time since last request: 0.000023 seconds.
  path: Assets/Sprites/Game Icons/PNG/Pixelated (64px)/tag_shield_8.png
  artifactKey: Guid(3e201bde6e398e74e9297a4238809f0c) Importer(815301076,1909f56bfc062723c751e8b465ee728b)
Start importing Assets/Sprites/Game Icons/PNG/Pixelated (64px)/tag_shield_8.png using Guid(3e201bde6e398e74e9297a4238809f0c) Importer(815301076,1909f56bfc062723c751e8b465ee728b)  -> (artifact id: '490f73ccc3bef3ef1a4049aeeda2c433') in 0.020806 seconds 
========================================================================
Received Import Request.
  Time since last request: 0.000041 seconds.
  path: Assets/Sprites/Game Icons/PNG/Pixelated (64px)/tag_shield_1.png
  artifactKey: Guid(1eb2294835cde444db43f548da3330ab) Importer(815301076,1909f56bfc062723c751e8b465ee728b)
Start importing Assets/Sprites/Game Icons/PNG/Pixelated (64px)/tag_shield_1.png using Guid(1eb2294835cde444db43f548da3330ab) Importer(815301076,1909f56bfc062723c751e8b465ee728b)  -> (artifact id: 'd4d819194e440237b29164e7c29cde39') in 0.020601 seconds 
========================================================================
Received Import Request.
  Time since last request: 0.000031 seconds.
  path: Assets/Sprites/Game Icons/PNG/Pixelated (64px)/tag_infinite.png
  artifactKey: Guid(f2691420f4aebd94392cb9a20b9437fa) Importer(815301076,1909f56bfc062723c751e8b465ee728b)
Start importing Assets/Sprites/Game Icons/PNG/Pixelated (64px)/tag_infinite.png using Guid(f2691420f4aebd94392cb9a20b9437fa) Importer(815301076,1909f56bfc062723c751e8b465ee728b)  -> (artifact id: 'cd41c7734aae0eecb190ece555c9b8db') in 0.019270 seconds 
